To honour the JVM settings for this build a single-use Daemon process will be forked. For more on this, please refer to https://docs.gradle.org/8.14.3/userguide/gradle_daemon.html#sec:disabling_the_daemon in the Gradle documentation.
Daemon will be stopped at the end of the build 
> Task :checkKotlinGradlePluginConfigurationErrors
> Task :compileKotlin UP-TO-DATE
> Task :compileJava NO-SOURCE
> Task :processResources UP-TO-DATE
> Task :classes UP-TO-DATE
> Task :resolveMainClassName UP-TO-DATE

> Task :bootRun

  .   ____          _            __ _ _
 /\\ / ___'_ __ _ _(_)_ __  __ _ \ \ \ \
( ( )\___ | '_ | '_| | '_ \/ _` | \ \ \ \
 \\/  ___)| |_)| | | | | || (_| |  ) ) ) )
  '  |____| .__|_| |_|_| |_\__, | / / / /
 =========|_|==============|___/=/_/_/_/

 :: Spring Boot ::                (v3.5.6)

2025-10-21T21:33:04.582+03:00  INFO 72488 --- [student-service] [           main] c.c.s.StudentServiceApplicationKt        : Starting StudentServiceApplicationKt using Java 21.0.7 with PID 72488 (/Users/edvins.lazarevics/Documents/projects/student-service/build/classes/kotlin/main started by edvins.lazarevics in /Users/edvins.lazarevics/Documents/projects/student-service)
2025-10-21T21:33:04.583+03:00  INFO 72488 --- [student-service] [           main] c.c.s.StudentServiceApplicationKt        : No active profile set, falling back to 1 default profile: "default"
2025-10-21T21:33:04.605+03:00  INFO 72488 --- [student-service] [           main] .s.b.d.c.l.DockerComposeLifecycleManager : Using Docker Compose file /Users/edvins.lazarevics/Documents/projects/student-service/compose.yaml
2025-10-21T21:33:04.957+03:00  INFO 72488 --- [student-service] [           main] .s.b.d.c.l.DockerComposeLifecycleManager : There are already Docker Compose services running, skipping startup
2025-10-21T21:33:05.469+03:00  INFO 72488 --- [student-service] [           main] .s.d.r.c.RepositoryConfigurationDelegate : Bootstrapping Spring Data JPA repositories in DEFAULT mode.
2025-10-21T21:33:05.492+03:00  INFO 72488 --- [student-service] [           main] .s.d.r.c.RepositoryConfigurationDelegate : Finished Spring Data repository scanning in 19 ms. Found 7 JPA repository interfaces.
2025-10-21T21:33:05.690+03:00  INFO 72488 --- [student-service] [           main] o.s.b.w.embedded.tomcat.TomcatWebServer  : Tomcat initialized with port 8080 (http)
2025-10-21T21:33:05.696+03:00  INFO 72488 --- [student-service] [           main] o.apache.catalina.core.StandardService   : Starting service [Tomcat]
2025-10-21T21:33:05.696+03:00  INFO 72488 --- [student-service] [           main] o.apache.catalina.core.StandardEngine    : Starting Servlet engine: [Apache Tomcat/10.1.46]
2025-10-21T21:33:05.716+03:00  INFO 72488 --- [student-service] [           main] o.a.c.c.C.[Tomcat].[localhost].[/]       : Initializing Spring embedded WebApplicationContext
2025-10-21T21:33:05.717+03:00  INFO 72488 --- [student-service] [           main] w.s.c.ServletWebServerApplicationContext : Root WebApplicationContext: initialization completed in 547 ms
2025-10-21T21:33:05.855+03:00  INFO 72488 --- [student-service] [           main] org.flywaydb.core.FlywayExecutor         : Database: jdbc:postgresql://127.0.0.1:5432/student_service?ApplicationName=student-service (PostgreSQL 15.14)
2025-10-21T21:33:05.883+03:00  INFO 72488 --- [student-service] [           main] o.f.core.internal.command.DbValidate     : Successfully validated 7 migrations (execution time 00:00.014s)
2025-10-21T21:33:05.909+03:00  INFO 72488 --- [student-service] [           main] o.f.core.internal.command.DbMigrate      : Current version of schema "public": 7
2025-10-21T21:33:05.912+03:00  INFO 72488 --- [student-service] [           main] o.f.core.internal.command.DbMigrate      : Schema "public" is up to date. No migration necessary.
2025-10-21T21:33:05.946+03:00  INFO 72488 --- [student-service] [           main] o.hibernate.jpa.internal.util.LogHelper  : HHH000204: Processing PersistenceUnitInfo [name: default]
2025-10-21T21:33:05.967+03:00  INFO 72488 --- [student-service] [           main] org.hibernate.Version                    : HHH000412: Hibernate ORM core version 6.6.29.Final
2025-10-21T21:33:05.979+03:00  INFO 72488 --- [student-service] [           main] o.h.c.internal.RegionFactoryInitiator    : HHH000026: Second-level cache disabled
2025-10-21T21:33:06.072+03:00  INFO 72488 --- [student-service] [           main] o.s.o.j.p.SpringPersistenceUnitInfo      : No LoadTimeWeaver setup: ignoring JPA class transformer
2025-10-21T21:33:06.082+03:00  INFO 72488 --- [student-service] [           main] com.zaxxer.hikari.HikariDataSource       : HikariPool-1 - Starting...
2025-10-21T21:33:06.103+03:00  INFO 72488 --- [student-service] [           main] com.zaxxer.hikari.pool.HikariPool        : HikariPool-1 - Added connection org.postgresql.jdbc.PgConnection@626df173
2025-10-21T21:33:06.103+03:00  INFO 72488 --- [student-service] [           main] com.zaxxer.hikari.HikariDataSource       : HikariPool-1 - Start completed.
2025-10-21T21:33:06.114+03:00  WARN 72488 --- [student-service] [           main] org.hibernate.orm.deprecation            : HHH90000025: PostgreSQLDialect does not need to be specified explicitly using 'hibernate.dialect' (remove the property setting and it will be selected by default)
2025-10-21T21:33:06.124+03:00  INFO 72488 --- [student-service] [           main] org.hibernate.orm.connections.pooling    : HHH10001005: Database info:
	Database JDBC URL [Connecting through datasource 'HikariDataSource (HikariPool-1)']
	Database driver: undefined/unknown
	Database version: 15.14
	Autocommit mode: undefined/unknown
	Isolation level: undefined/unknown
	Minimum pool size: undefined/unknown
	Maximum pool size: undefined/unknown
2025-10-21T21:33:06.479+03:00  INFO 72488 --- [student-service] [           main] o.h.e.t.j.p.i.JtaPlatformInitiator       : HHH000489: No JTA platform available (set 'hibernate.transaction.jta.platform' to enable JTA platform integration)
2025-10-21T21:33:06.499+03:00  INFO 72488 --- [student-service] [           main] j.LocalContainerEntityManagerFactoryBean : Initialized JPA EntityManagerFactory for persistence unit 'default'
2025-10-21T21:33:06.795+03:00  WARN 72488 --- [student-service] [           main] JpaBaseConfiguration$JpaWebConfiguration : spring.jpa.open-in-view is enabled by default. Therefore, database queries may be performed during view rendering. Explicitly configure spring.jpa.open-in-view to disable this warning
2025-10-21T21:33:06.843+03:00 DEBUG 72488 --- [student-service] [           main] s.w.s.m.m.a.RequestMappingHandlerMapping : 55 mappings in 'requestMappingHandlerMapping'
2025-10-21T21:33:06.872+03:00 DEBUG 72488 --- [student-service] [           main] o.s.w.s.handler.SimpleUrlHandlerMapping  : Patterns [/webjars/**, /**, /swagger-ui*/*swagger-initializer.js, /swagger-ui*/**] in 'resourceHandlerMapping'
2025-10-21T21:33:06.880+03:00  WARN 72488 --- [student-service] [           main] .s.s.UserDetailsServiceAutoConfiguration : 

Using generated security password: 0e0a333c-c0ab-447b-a825-5ece7ad79749

This generated password is for development use only. Your security configuration must be updated before running your application in production.

2025-10-21T21:33:06.882+03:00  INFO 72488 --- [student-service] [           main] r$InitializeUserDetailsManagerConfigurer : Global AuthenticationManager configured with UserDetailsService bean with name inMemoryUserDetailsManager
2025-10-21T21:33:06.941+03:00 DEBUG 72488 --- [student-service] [           main] s.w.s.m.m.a.RequestMappingHandlerAdapter : ControllerAdvice beans: 0 @ModelAttribute, 0 @InitBinder, 1 RequestBodyAdvice, 1 ResponseBodyAdvice
2025-10-21T21:33:06.960+03:00 DEBUG 72488 --- [student-service] [           main] .m.m.a.ExceptionHandlerExceptionResolver : ControllerAdvice beans: 1 @ExceptionHandler, 1 ResponseBodyAdvice
2025-10-21T21:33:07.029+03:00  WARN 72488 --- [student-service] [           main] ConfigServletWebServerApplicationContext : Exception encountered during context initialization - cancelling refresh attempt: org.springframework.context.ApplicationContextException: Failed to start bean 'webServerStartStop'
2025-10-21T21:33:07.030+03:00  INFO 72488 --- [student-service] [           main] j.LocalContainerEntityManagerFactoryBean : Closing JPA EntityManagerFactory for persistence unit 'default'
2025-10-21T21:33:07.031+03:00  INFO 72488 --- [student-service] [           main] com.zaxxer.hikari.HikariDataSource       : HikariPool-1 - Shutdown initiated...
2025-10-21T21:33:07.031+03:00  INFO 72488 --- [student-service] [           main] com.zaxxer.hikari.HikariDataSource       : HikariPool-1 - Shutdown completed.
2025-10-21T21:33:07.037+03:00  INFO 72488 --- [student-service] [           main] .s.b.a.l.ConditionEvaluationReportLogger : 

Error starting ApplicationContext. To display the condition evaluation report re-run your application with 'debug' enabled.
2025-10-21T21:33:07.043+03:00 ERROR 72488 --- [student-service] [           main] o.s.b.d.LoggingFailureAnalysisReporter   : 

***************************
APPLICATION FAILED TO START
***************************

Description:

Web server failed to start. Port 8080 was already in use.

Action:

Identify and stop the process that's listening on port 8080 or configure this application to listen on another port.


> Task :bootRun FAILED

[Incubating] Problems report is available at: file:///Users/edvins.lazarevics/Documents/projects/student-service/build/reports/problems/problems-report.html

FAILURE: Build failed with an exception.

* What went wrong:
Execution failed for task ':bootRun'.
> Process 'command '/Users/edvins.lazarevics/Library/Java/JavaVirtualMachines/ms-21.0.7/Contents/Home/bin/java'' finished with non-zero exit value 1

* Try:
> Run with --stacktrace option to get the stack trace.
> Run with --info or --debug option to get more log output.
> Run with --scan to get full insights.
> Get more help at https://help.gradle.org.

Deprecated Gradle features were used in this build, making it incompatible with Gradle 9.0.

You can use '--warning-mode all' to show the individual deprecation warnings and determine if they come from your own scripts or plugins.

For more on this, please refer to https://docs.gradle.org/8.14.3/userguide/command_line_interface.html#sec:command_line_warnings in the Gradle documentation.

BUILD FAILED in 6s
5 actionable tasks: 2 executed, 3 up-to-date
